<?xml version="1.0" encoding="UTF-8"?>
<!-- Generated by org.testng.reporters.JUnitXMLReporter -->
<testsuite hostname="DESKTOP-SNIGSR3" ignored="0" name="Test" tests="1" failures="1" timestamp="22 Jul 2023 03:28:41 GMT" time="0.527" errors="0">
  <testcase name="test01" time="0.02" classname="com.tests.LoginTest">
    <failure type="java.lang.AssertionError" message="expected [true] but found [false]">
      <![CDATA[java.lang.AssertionError: expected [true] but found [false]
at com.tests.LoginTest.test01(LoginTest.java:18)
... Removed 29 stack frames]]>
    </failure>
  </testcase> <!-- test01 -->
</testsuite> <!-- Test -->
